<?xml version="1.0" encoding="UTF-8"?>
<testsuite name="BadBM.LibraryTest" tests="1" skipped="0" failures="0" errors="0" timestamp="2020-10-29T19:49:57" hostname="JOSHLAPTOP" time="0.175">
  <properties/>
  <testcase name="testSomeLibraryMethod()" classname="BadBM.LibraryTest" time="0.175"/>
  <system-out><![CDATA[]]></system-out>
  <system-err><![CDATA[]]></system-err>
</testsuite>
